<?xml version="1.0" encoding="UTF-8"?>
<testng-results ignored="0" total="2" passed="2" failed="0" skipped="0">
  <reporter-output>
  </reporter-output>
  <suite started-at="2024-02-26T12:22:58 IST" name="Surefire suite" finished-at="2024-02-26T12:23:18 IST" duration-ms="20187">
    <groups>
      <group name="cucumber">
        <method signature="AbstractTestNGCucumberTests.runScenario(io.cucumber.testng.PickleWrapper,io.cucumber.testng.FeatureWrapper)[pri:0, instance:CucumberOptions.TestNGRunner@1700915]" name="runScenario" class="io.cucumber.testng.AbstractTestNGCucumberTests"/>
      </group> <!-- cucumber -->
    </groups>
    <test started-at="2024-02-26T12:22:58 IST" name="Surefire test" finished-at="2024-02-26T12:23:18 IST" duration-ms="20187">
      <class name="CucumberOptions.TestNGRunner">
        <test-method is-config="true" signature="setUpClass(org.testng.ITestContext)[pri:0, instance:CucumberOptions.TestNGRunner@1700915]" started-at="2024-02-26T12:22:58 IST" name="setUpClass" finished-at="2024-02-26T12:22:58 IST" duration-ms="675" status="PASS">
          <params>
            <param index="0">
              <value>
                <![CDATA[org.testng.TestRunner@1c93b51e]]>
              </value>
            </param>
          </params>
          <reporter-output>
          </reporter-output>
        </test-method> <!-- setUpClass -->
        <test-method signature="runScenario(io.cucumber.testng.PickleWrapper,io.cucumber.testng.FeatureWrapper)[pri:0, instance:CucumberOptions.TestNGRunner@1700915]" started-at="2024-02-26T12:22:58 IST" name="runScenario" description="Runs Cucumber Scenarios" data-provider="scenarios" finished-at="2024-02-26T12:23:09 IST" duration-ms="10395" status="PASS">
          <params>
            <param index="0">
              <value>
                <![CDATA["Home page login with admin credentials"]]>
              </value>
            </param>
            <param index="1">
              <value>
                <![CDATA["Login page"]]>
              </value>
            </param>
          </params>
          <reporter-output>
          </reporter-output>
        </test-method> <!-- runScenario -->
        <test-method signature="runScenario(io.cucumber.testng.PickleWrapper,io.cucumber.testng.FeatureWrapper)[pri:0, instance:CucumberOptions.TestNGRunner@1700915]" started-at="2024-02-26T12:23:09 IST" name="runScenario" description="Runs Cucumber Scenarios" data-provider="scenarios" finished-at="2024-02-26T12:23:17 IST" duration-ms="8636" status="PASS">
          <params>
            <param index="0">
              <value>
                <![CDATA["Home page login with bad credentials"]]>
              </value>
            </param>
            <param index="1">
              <value>
                <![CDATA["Login page"]]>
              </value>
            </param>
          </params>
          <reporter-output>
          </reporter-output>
        </test-method> <!-- runScenario -->
        <test-method is-config="true" signature="tearDownClass()[pri:0, instance:CucumberOptions.TestNGRunner@1700915]" started-at="2024-02-26T12:23:17 IST" name="tearDownClass" finished-at="2024-02-26T12:23:18 IST" duration-ms="445" status="PASS">
          <reporter-output>
          </reporter-output>
        </test-method> <!-- tearDownClass -->
      </class> <!-- CucumberOptions.TestNGRunner -->
    </test> <!-- Surefire test -->
  </suite> <!-- Surefire suite -->
</testng-results>
